2024-06-03 03:51:06,945 Namespace(cfg='experiments/pole/seg_hrnet_pole.yaml', seed=304, local_rank=-1, opts=[])
2024-06-03 03:51:06,945 AUTO_RESUME: False
CUDNN:
  BENCHMARK: True
  DETERMINISTIC: False
  ENABLED: True
DATASET:
  ANNOTATIONS: annotations/instances_default.json
  DATASET: pole
  EXTRA_TRAIN_SET: 
  NUM_CLASSES: 5
  ROOT: C:/Users/yujin/HRNet/HRNet-Semantic-Segmentation/data/pole/
  TEST_SET: images/val
  TRAIN_SET: images/train
DEBUG:
  DEBUG: False
  SAVE_BATCH_IMAGES_GT: False
  SAVE_BATCH_IMAGES_PRED: False
  SAVE_HEATMAPS_GT: False
  SAVE_HEATMAPS_PRED: False
GPUS: (0, 1, 2, 3)
LOG_DIR: log
LOSS:
  BALANCE_WEIGHTS: [1]
  CLASS_BALANCE: False
  OHEMKEEP: 100000
  OHEMTHRES: 0.9
  USE_OHEM: False
MODEL:
  ALIGN_CORNERS: True
  EXTRA:
    FINAL_CONV_KERNEL: 1
    STAGE1:
      BLOCK: BOTTLENECK
      FUSE_METHOD: SUM
      NUM_BLOCKS: [4]
      NUM_BRANCHES: 1
      NUM_CHANNELS: [64]
      NUM_MODULES: 1
    STAGE2:
      BLOCK: BASIC
      FUSE_METHOD: SUM
      NUM_BLOCKS: [4, 4]
      NUM_BRANCHES: 2
      NUM_CHANNELS: [48, 96]
      NUM_MODULES: 1
    STAGE3:
      BLOCK: BASIC
      FUSE_METHOD: SUM
      NUM_BLOCKS: [4, 4, 4]
      NUM_BRANCHES: 3
      NUM_CHANNELS: [48, 96, 192]
      NUM_MODULES: 4
    STAGE4:
      BLOCK: BASIC
      FUSE_METHOD: SUM
      NUM_BLOCKS: [4, 4, 4, 4]
      NUM_BRANCHES: 4
      NUM_CHANNELS: [48, 96, 192, 384]
      NUM_MODULES: 3
  NAME: seg_hrnet
  NUM_CLASSES: 5
  NUM_OUTPUTS: 1
  OCR:
    DROPOUT: 0.05
    KEY_CHANNELS: 256
    MID_CHANNELS: 512
    SCALE: 1
  PRETRAINED: path/to/pretrained/model
OUTPUT_DIR: experiments
PIN_MEMORY: True
PRINT_FREQ: 20
RANK: 0
TEST:
  BASE_SIZE: 2048
  BATCH_SIZE_PER_GPU: 16
  FLIP_TEST: False
  IMAGE_SIZE: [2048, 1024]
  MODEL_FILE: 
  MULTI_SCALE: False
  NUM_SAMPLES: 0
  OUTPUT_INDEX: -1
  SCALE_LIST: [1]
TRAIN:
  BASE_SIZE: 2048
  BATCH_SIZE_PER_GPU: 16
  BEGIN_EPOCH: 0
  DOWNSAMPLERATE: 1
  END_EPOCH: 484
  EPOCHS: 120
  EXTRA_EPOCH: 0
  EXTRA_LR: 0.001
  FLIP: True
  FREEZE_EPOCHS: -1
  FREEZE_LAYERS: 
  IGNORE_LABEL: -1
  IMAGE_SIZE: [1024, 512]
  LR: 0.02
  LR_FACTOR: 0.1
  LR_STEP: [90, 110]
  MOMENTUM: 0.9
  MULTI_SCALE: True
  NESTEROV: False
  NONBACKBONE_KEYWORDS: []
  NONBACKBONE_MULT: 10
  NUM_SAMPLES: 0
  OPTIMIZER: sgd
  RANDOM_BRIGHTNESS: False
  RANDOM_BRIGHTNESS_SHIFT_VALUE: 10
  RESUME: False
  SCALE_FACTOR: 16
  SHUFFLE: True
  WD: 0.0001
WORKERS: 4
2024-06-03 03:51:07,211 => init weights from normal distribution
2024-06-03 15:24:23,386 Namespace(cfg='experiments/pole/seg_hrnet_pole.yaml', seed=304, local_rank=-1, opts=[])
2024-06-03 15:24:23,386 AUTO_RESUME: False
CUDNN:
  BENCHMARK: True
  DETERMINISTIC: False
  ENABLED: True
DATASET:
  ANNOTATIONS: annotations/instances_default.json
  DATASET: pole
  EXTRA_TRAIN_SET: 
  NUM_CLASSES: 5
  ROOT: C:/Users/yujin/HRNet/HRNet-Semantic-Segmentation/data/pole/
  TEST_SET: images/val
  TRAIN_SET: images/train
DEBUG:
  DEBUG: False
  SAVE_BATCH_IMAGES_GT: False
  SAVE_BATCH_IMAGES_PRED: False
  SAVE_HEATMAPS_GT: False
  SAVE_HEATMAPS_PRED: False
GPUS: (0, 1, 2, 3)
LOG_DIR: log
LOSS:
  BALANCE_WEIGHTS: [1]
  CLASS_BALANCE: False
  OHEMKEEP: 100000
  OHEMTHRES: 0.9
  USE_OHEM: False
MODEL:
  ALIGN_CORNERS: True
  EXTRA:
    FINAL_CONV_KERNEL: 1
    STAGE1:
      BLOCK: BOTTLENECK
      FUSE_METHOD: SUM
      NUM_BLOCKS: [4]
      NUM_BRANCHES: 1
      NUM_CHANNELS: [64]
      NUM_MODULES: 1
    STAGE2:
      BLOCK: BASIC
      FUSE_METHOD: SUM
      NUM_BLOCKS: [4, 4]
      NUM_BRANCHES: 2
      NUM_CHANNELS: [48, 96]
      NUM_MODULES: 1
    STAGE3:
      BLOCK: BASIC
      FUSE_METHOD: SUM
      NUM_BLOCKS: [4, 4, 4]
      NUM_BRANCHES: 3
      NUM_CHANNELS: [48, 96, 192]
      NUM_MODULES: 4
    STAGE4:
      BLOCK: BASIC
      FUSE_METHOD: SUM
      NUM_BLOCKS: [4, 4, 4, 4]
      NUM_BRANCHES: 4
      NUM_CHANNELS: [48, 96, 192, 384]
      NUM_MODULES: 3
  NAME: seg_hrnet
  NUM_CLASSES: 5
  NUM_OUTPUTS: 1
  OCR:
    DROPOUT: 0.05
    KEY_CHANNELS: 256
    MID_CHANNELS: 512
    SCALE: 1
  PRETRAINED: path/to/pretrained/model
OUTPUT_DIR: experiments
PIN_MEMORY: True
PRINT_FREQ: 20
RANK: 0
TEST:
  BASE_SIZE: 2048
  BATCH_SIZE_PER_GPU: 16
  FLIP_TEST: False
  IMAGE_SIZE: [2048, 1024]
  MODEL_FILE: 
  MULTI_SCALE: False
  NUM_SAMPLES: 0
  OUTPUT_INDEX: -1
  SCALE_LIST: [1]
TRAIN:
  BASE_SIZE: 2048
  BATCH_SIZE_PER_GPU: 16
  BEGIN_EPOCH: 0
  DOWNSAMPLERATE: 1
  END_EPOCH: 484
  EPOCHS: 120
  EXTRA_EPOCH: 0
  EXTRA_LR: 0.001
  FLIP: True
  FREEZE_EPOCHS: -1
  FREEZE_LAYERS: 
  IGNORE_LABEL: -1
  IMAGE_SIZE: [1024, 512]
  LR: 0.02
  LR_FACTOR: 0.1
  LR_STEP: [90, 110]
  MOMENTUM: 0.9
  MULTI_SCALE: True
  NESTEROV: False
  NONBACKBONE_KEYWORDS: []
  NONBACKBONE_MULT: 10
  NUM_SAMPLES: 0
  OPTIMIZER: sgd
  RANDOM_BRIGHTNESS: False
  RANDOM_BRIGHTNESS_SHIFT_VALUE: 10
  RESUME: False
  SCALE_FACTOR: 16
  SHUFFLE: True
  WD: 0.0001
WORKERS: 4
2024-06-03 15:24:23,874 => init weights from normal distribution
